<?xml version="1.0" encoding="UTF-8"?>
<!-- Generated by org.testng.reporters.JUnitReportReporter -->
<testsuite hostname="SATHIYA-PC" failures="0" tests="8" name="org.kgisl.testScenario.TestCase_LoginPage" time="7.561" errors="0" timestamp="2025-05-12T11:10:15 IST" skipped="0">
  <testcase classname="org.kgisl.testScenario.TestCase_LoginPage" name="Test_13" time="0.160"/>
  <testcase classname="org.kgisl.testScenario.TestCase_LoginPage" name="Test_17" time="0.987"/>
  <testcase classname="org.kgisl.testScenario.TestCase_LoginPage" name="Test_14" time="0.056"/>
  <testcase classname="org.kgisl.testScenario.TestCase_LoginPage" name="Test_19" time="1.323"/>
  <testcase classname="org.kgisl.testScenario.TestCase_LoginPage" name="Test_18" time="1.163"/>
  <testcase classname="org.kgisl.testScenario.TestCase_LoginPage" name="Test_15" time="0.166"/>
  <testcase classname="org.kgisl.testScenario.TestCase_LoginPage" name="Test_16" time="0.976"/>
  <testcase classname="org.kgisl.testScenario.TestCase_LoginPage" name="Test_20" time="2.730"/>
</testsuite> <!-- org.kgisl.testScenario.TestCase_LoginPage -->
